<?xml version="1.0" encoding="UTF-8"?>
<testsuite name="com.demoqa.ExampleJunit5Test" tests="2" skipped="0" failures="0" errors="0" timestamp="2022-11-25T16:41:20" hostname="iws14800.local" time="0.006">
  <properties/>
  <testcase name="firstTest0()" classname="com.demoqa.ExampleJunit5Test" time="0.005"/>
  <testcase name="firstTest1()" classname="com.demoqa.ExampleJunit5Test" time="0.001"/>
  <system-out><![CDATA[    this is @BeforeAll
this is @BeforeEach
        this is @Test0
this is @BeforeEach
        this is @Test1
    this is @AfterAll
]]></system-out>
  <system-err><![CDATA[]]></system-err>
</testsuite>
